[1/720] dj_4_fake_fez seed=1 n*=50  (0.2s, ~3 min left)
[2/720] dj_4_fake_fez seed=2 n*=50  (0.2s, ~2 min left)
[3/720] dj_4_fake_fez seed=3 n*=50  (0.2s, ~2 min left)
[4/720] dj_4_fake_fez seed=4 n*=50  (0.2s, ~2 min left)
[5/720] dj_4_fake_fez seed=5 n*=50  (0.2s, ~2 min left)
[6/720] dj_4_fake_fez seed=6 n*=50  (0.2s, ~2 min left)
[7/720] dj_4_fake_fez seed=7 n*=50  (0.2s, ~2 min left)
[8/720] dj_4_fake_fez seed=8 n*=50  (0.2s, ~2 min left)
[9/720] dj_4_fake_fez seed=9 n*=50  (0.2s, ~2 min left)
[10/720] dj_4_fake_fez seed=10 n*=50  (0.2s, ~2 min left)
[11/720] dj_4_fake_fez seed=11 n*=50  (0.2s, ~2 min left)
[12/720] dj_4_fake_fez seed=12 n*=50  (0.2s, ~2 min left)
[13/720] dj_4_fake_fez seed=13 n*=50  (0.2s, ~2 min left)
[14/720] dj_4_fake_fez seed=14 n*=50  (0.2s, ~2 min left)
[15/720] dj_4_fake_fez seed=15 n*=50  (0.2s, ~2 min left)
[16/720] dj_4_fake_fez seed=16 n*=50  (0.2s, ~2 min left)
[17/720] dj_4_fake_fez seed=17 n*=50  (0.2s, ~2 min left)
[18/720] dj_4_fake_fez seed=18 n*=50  (0.2s, ~2 min left)
[19/720] dj_4_fake_fez seed=19 n*=50  (0.2s, ~2 min left)
[20/720] dj_4_fake_fez seed=20 n*=50  (0.2s, ~2 min left)
[21/720] dj_4_fake_torino seed=1 n*=50  (0.2s, ~2 min left)
[22/720] dj_4_fake_torino seed=2 n*=50  (0.2s, ~2 min left)
[23/720] dj_4_fake_torino seed=3 n*=50  (0.2s, ~2 min left)
[24/720] dj_4_fake_torino seed=4 n*=50  (0.2s, ~2 min left)
[25/720] dj_4_fake_torino seed=5 n*=50  (0.2s, ~2 min left)
[26/720] dj_4_fake_torino seed=6 n*=50  (0.2s, ~2 min left)
[27/720] dj_4_fake_torino seed=7 n*=50  (0.2s, ~2 min left)
[28/720] dj_4_fake_torino seed=8 n*=50  (0.2s, ~2 min left)
[29/720] dj_4_fake_torino seed=9 n*=50  (0.2s, ~2 min left)
[30/720] dj_4_fake_torino seed=10 n*=50  (0.2s, ~2 min left)
[31/720] dj_4_fake_torino seed=11 n*=50  (0.2s, ~2 min left)
[32/720] dj_4_fake_torino seed=12 n*=50  (0.2s, ~2 min left)
[33/720] dj_4_fake_torino seed=13 n*=50  (0.2s, ~2 min left)
[34/720] dj_4_fake_torino seed=14 n*=50  (0.2s, ~2 min left)
[35/720] dj_4_fake_torino seed=15 n*=50  (0.2s, ~2 min left)
[36/720] dj_4_fake_torino seed=16 n*=50  (0.2s, ~2 min left)
[37/720] dj_4_fake_torino seed=17 n*=50  (0.2s, ~2 min left)
[38/720] dj_4_fake_torino seed=18 n*=50  (0.2s, ~2 min left)
[39/720] dj_4_fake_torino seed=19 n*=50  (0.2s, ~2 min left)
[40/720] dj_4_fake_torino seed=20 n*=50  (0.2s, ~2 min left)
[41/720] dj_8_fake_fez seed=1 n*=50  (0.2s, ~2 min left)
[42/720] dj_8_fake_fez seed=2 n*=50  (0.2s, ~2 min left)
[43/720] dj_8_fake_fez seed=3 n*=50  (0.2s, ~2 min left)
[44/720] dj_8_fake_fez seed=4 n*=50  (0.2s, ~2 min left)
[45/720] dj_8_fake_fez seed=5 n*=50  (0.2s, ~2 min left)
[46/720] dj_8_fake_fez seed=6 n*=100  (0.2s, ~2 min left)
[47/720] dj_8_fake_fez seed=7 n*=50  (0.2s, ~2 min left)
[48/720] dj_8_fake_fez seed=8 n*=50  (0.2s, ~2 min left)
[49/720] dj_8_fake_fez seed=9 n*=50  (0.2s, ~2 min left)
[50/720] dj_8_fake_fez seed=10 n*=50  (0.2s, ~2 min left)
[51/720] dj_8_fake_fez seed=11 n*=50  (0.2s, ~2 min left)
[52/720] dj_8_fake_fez seed=12 n*=100  (0.2s, ~2 min left)
[53/720] dj_8_fake_fez seed=13 n*=100  (0.2s, ~2 min left)
[54/720] dj_8_fake_fez seed=14 n*=250  (0.2s, ~2 min left)
[55/720] dj_8_fake_fez seed=15 n*=50  (0.2s, ~2 min left)
[56/720] dj_8_fake_fez seed=16 n*=50  (0.2s, ~2 min left)
[57/720] dj_8_fake_fez seed=17 n*=50  (0.2s, ~2 min left)
[58/720] dj_8_fake_fez seed=18 n*=50  (0.2s, ~2 min left)
[59/720] dj_8_fake_fez seed=19 n*=50  (0.2s, ~2 min left)
[60/720] dj_8_fake_fez seed=20 n*=100  (0.2s, ~2 min left)
[61/720] dj_8_fake_marrakesh seed=1 n*=50  (0.2s, ~2 min left)
[62/720] dj_8_fake_marrakesh seed=2 n*=50  (0.2s, ~2 min left)
[63/720] dj_8_fake_marrakesh seed=3 n*=100  (0.2s, ~2 min left)
[64/720] dj_8_fake_marrakesh seed=4 n*=50  (0.2s, ~2 min left)
[65/720] dj_8_fake_marrakesh seed=5 n*=50  (0.2s, ~2 min left)
[66/720] dj_8_fake_marrakesh seed=6 n*=50  (0.2s, ~2 min left)
[67/720] dj_8_fake_marrakesh seed=7 n*=100  (0.2s, ~2 min left)
[68/720] dj_8_fake_marrakesh seed=8 n*=100  (0.2s, ~2 min left)
[69/720] dj_8_fake_marrakesh seed=9 n*=50  (0.2s, ~2 min left)
[70/720] dj_8_fake_marrakesh seed=10 n*=50  (0.2s, ~2 min left)
[71/720] dj_8_fake_marrakesh seed=11 n*=50  (0.2s, ~2 min left)
[72/720] dj_8_fake_marrakesh seed=12 n*=50  (0.2s, ~2 min left)
[73/720] dj_8_fake_marrakesh seed=13 n*=100  (0.2s, ~2 min left)
[74/720] dj_8_fake_marrakesh seed=14 n*=50  (0.2s, ~2 min left)
[75/720] dj_8_fake_marrakesh seed=15 n*=50  (0.2s, ~2 min left)
[76/720] dj_8_fake_marrakesh seed=16 n*=50  (0.2s, ~2 min left)
[77/720] dj_8_fake_marrakesh seed=17 n*=50  (0.2s, ~2 min left)
[78/720] dj_8_fake_marrakesh seed=18 n*=50  (0.2s, ~2 min left)
[79/720] dj_8_fake_marrakesh seed=19 n*=50  (0.2s, ~2 min left)
[80/720] dj_8_fake_marrakesh seed=20 n*=50  (0.2s, ~2 min left)
[81/720] dj_10_fake_fez seed=1 n*=200  (0.2s, ~2 min left)
[82/720] dj_10_fake_fez seed=2 n*=100  (0.2s, ~2 min left)
[83/720] dj_10_fake_fez seed=3 n*=100  (0.3s, ~2 min left)
[84/720] dj_10_fake_fez seed=4 n*=100  (0.3s, ~2 min left)
[85/720] dj_10_fake_fez seed=5 n*=100  (0.3s, ~2 min left)
[86/720] dj_10_fake_fez seed=6 n*=100  (0.3s, ~2 min left)
[87/720] dj_10_fake_fez seed=7 n*=100  (0.2s, ~2 min left)
[88/720] dj_10_fake_fez seed=8 n*=100  (0.3s, ~2 min left)
[89/720] dj_10_fake_fez seed=9 n*=100  (0.3s, ~2 min left)
[90/720] dj_10_fake_fez seed=10 n*=150  (0.3s, ~2 min left)
[91/720] dj_10_fake_fez seed=11 n*=100  (0.3s, ~2 min left)
[92/720] dj_10_fake_fez seed=12 n*=150  (0.2s, ~2 min left)
[93/720] dj_10_fake_fez seed=13 n*=100  (0.3s, ~2 min left)
[94/720] dj_10_fake_fez seed=14 n*=100  (0.2s, ~2 min left)
[95/720] dj_10_fake_fez seed=15 n*=100  (0.3s, ~2 min left)
[96/720] dj_10_fake_fez seed=16 n*=100  (0.3s, ~2 min left)
[97/720] dj_10_fake_fez seed=17 n*=50  (0.3s, ~2 min left)
[98/720] dj_10_fake_fez seed=18 n*=200  (0.3s, ~2 min left)
[99/720] dj_10_fake_fez seed=19 n*=50  (0.3s, ~2 min left)
[100/720] dj_10_fake_fez seed=20 n*=100  (0.3s, ~2 min left)
[101/720] dj_10_fake_torino seed=1 n*=500  (0.3s, ~2 min left)
[102/720] dj_10_fake_torino seed=2 n*=300  (0.3s, ~2 min left)
[103/720] dj_10_fake_torino seed=3 n*=300  (0.3s, ~2 min left)
[104/720] dj_10_fake_torino seed=4 n*=350  (0.3s, ~2 min left)
[105/720] dj_10_fake_torino seed=5 n*=350  (0.3s, ~2 min left)
[106/720] dj_10_fake_torino seed=6 n*=300  (0.3s, ~2 min left)
[107/720] dj_10_fake_torino seed=7 n*=400  (0.3s, ~2 min left)
[108/720] dj_10_fake_torino seed=8 n*=200  (0.3s, ~2 min left)
[109/720] dj_10_fake_torino seed=9 n*=450  (0.3s, ~2 min left)
[110/720] dj_10_fake_torino seed=10 n*=250  (0.3s, ~2 min left)
[111/720] dj_10_fake_torino seed=11 n*=200  (0.3s, ~2 min left)
[112/720] dj_10_fake_torino seed=12 n*=200  (0.3s, ~2 min left)
[113/720] dj_10_fake_torino seed=13 n*=350  (0.3s, ~2 min left)
[114/720] dj_10_fake_torino seed=14 n*=250  (0.3s, ~2 min left)
[115/720] dj_10_fake_torino seed=15 n*=200  (0.3s, ~2 min left)
[116/720] dj_10_fake_torino seed=16 n*=350  (0.3s, ~2 min left)
[117/720] dj_10_fake_torino seed=17 n*=500  (0.3s, ~2 min left)
[118/720] dj_10_fake_torino seed=18 n*=250  (0.3s, ~2 min left)
[119/720] dj_10_fake_torino seed=19 n*=250  (0.3s, ~2 min left)
[120/720] dj_10_fake_torino seed=20 n*=300  (0.3s, ~2 min left)
[121/720] dj_14_fake_fez seed=1 n*=350  (0.3s, ~2 min left)
[122/720] dj_14_fake_fez seed=2 n*=300  (0.3s, ~2 min left)
[123/720] dj_14_fake_fez seed=3 n*=350  (0.3s, ~2 min left)
[124/720] dj_14_fake_fez seed=4 n*=250  (0.3s, ~2 min left)
[125/720] dj_14_fake_fez seed=5 n*=350  (0.3s, ~2 min left)
[126/720] dj_14_fake_fez seed=6 n*=450  (0.3s, ~2 min left)
[127/720] dj_14_fake_fez seed=7 n*=500  (0.3s, ~2 min left)
[128/720] dj_14_fake_fez seed=8 n*=300  (0.3s, ~2 min left)
[129/720] dj_14_fake_fez seed=9 n*=350  (0.3s, ~2 min left)
[130/720] dj_14_fake_fez seed=10 n*=450  (0.3s, ~2 min left)
[131/720] dj_14_fake_fez seed=11 n*=350  (0.3s, ~2 min left)
[132/720] dj_14_fake_fez seed=12 n*=400  (0.3s, ~2 min left)
[133/720] dj_14_fake_fez seed=13 n*=600  (0.3s, ~2 min left)
[134/720] dj_14_fake_fez seed=14 n*=400  (0.3s, ~2 min left)
[135/720] dj_14_fake_fez seed=15 n*=550  (0.3s, ~2 min left)
[136/720] dj_14_fake_fez seed=16 n*=300  (0.3s, ~2 min left)
[137/720] dj_14_fake_fez seed=17 n*=350  (0.4s, ~2 min left)
[138/720] dj_14_fake_fez seed=18 n*=250  (0.3s, ~2 min left)
[139/720] dj_14_fake_fez seed=19 n*=300  (0.4s, ~2 min left)
[140/720] dj_14_fake_fez seed=20 n*=400  (0.3s, ~2 min left)
[141/720] dj_14_fake_marrakesh seed=1 n*=300  (0.3s, ~2 min left)
[142/720] dj_14_fake_marrakesh seed=2 n*=150  (0.3s, ~2 min left)
[143/720] dj_14_fake_marrakesh seed=3 n*=300  (0.3s, ~2 min left)
[144/720] dj_14_fake_marrakesh seed=4 n*=300  (0.3s, ~2 min left)
[145/720] dj_14_fake_marrakesh seed=5 n*=300  (0.3s, ~2 min left)
[146/720] dj_14_fake_marrakesh seed=6 n*=350  (0.3s, ~2 min left)
[147/720] dj_14_fake_marrakesh seed=7 n*=250  (0.3s, ~2 min left)
[148/720] dj_14_fake_marrakesh seed=8 n*=200  (0.3s, ~2 min left)
[149/720] dj_14_fake_marrakesh seed=9 n*=400  (0.3s, ~2 min left)
[150/720] dj_14_fake_marrakesh seed=10 n*=200  (0.3s, ~2 min left)
[151/720] dj_14_fake_marrakesh seed=11 n*=200  (0.3s, ~2 min left)
[152/720] dj_14_fake_marrakesh seed=12 n*=200  (0.3s, ~2 min left)
[153/720] dj_14_fake_marrakesh seed=13 n*=150  (0.3s, ~2 min left)
[154/720] dj_14_fake_marrakesh seed=14 n*=150  (0.3s, ~2 min left)
[155/720] dj_14_fake_marrakesh seed=15 n*=400  (0.3s, ~2 min left)
[156/720] dj_14_fake_marrakesh seed=16 n*=550  (0.3s, ~2 min left)
[157/720] dj_14_fake_marrakesh seed=17 n*=300  (0.3s, ~2 min left)
[158/720] dj_14_fake_marrakesh seed=18 n*=300  (0.3s, ~2 min left)
[159/720] dj_14_fake_marrakesh seed=19 n*=200  (0.3s, ~2 min left)
[160/720] dj_14_fake_marrakesh seed=20 n*=250  (0.3s, ~2 min left)
[161/720] qaoa_4_fake_sherbrooke seed=1 n*=150  (0.2s, ~2 min left)
[162/720] qaoa_4_fake_sherbrooke seed=2 n*=100  (0.2s, ~2 min left)
[163/720] qaoa_4_fake_sherbrooke seed=3 n*=200  (0.3s, ~2 min left)
[164/720] qaoa_4_fake_sherbrooke seed=4 n*=100  (0.3s, ~2 min left)
[165/720] qaoa_4_fake_sherbrooke seed=5 n*=100  (0.3s, ~2 min left)
[166/720] qaoa_4_fake_sherbrooke seed=6 n*=150  (0.3s, ~2 min left)
[167/720] qaoa_4_fake_sherbrooke seed=7 n*=50  (0.2s, ~2 min left)
[168/720] qaoa_4_fake_sherbrooke seed=8 n*=150  (0.2s, ~2 min left)
[169/720] qaoa_4_fake_sherbrooke seed=9 n*=300  (0.2s, ~2 min left)
[170/720] qaoa_4_fake_sherbrooke seed=10 n*=100  (0.3s, ~2 min left)
[171/720] qaoa_4_fake_sherbrooke seed=11 n*=200  (0.3s, ~2 min left)
[172/720] qaoa_4_fake_sherbrooke seed=12 n*=100  (0.3s, ~2 min left)
[173/720] qaoa_4_fake_sherbrooke seed=13 n*=150  (0.2s, ~2 min left)
[174/720] qaoa_4_fake_sherbrooke seed=14 n*=100  (0.3s, ~2 min left)
[175/720] qaoa_4_fake_sherbrooke seed=15 n*=100  (0.3s, ~2 min left)
[176/720] qaoa_4_fake_sherbrooke seed=16 n*=200  (0.2s, ~2 min left)
[177/720] qaoa_4_fake_sherbrooke seed=17 n*=100  (0.3s, ~2 min left)
[178/720] qaoa_4_fake_sherbrooke seed=18 n*=150  (0.3s, ~2 min left)
[179/720] qaoa_4_fake_sherbrooke seed=19 n*=100  (0.2s, ~2 min left)
[180/720] qaoa_4_fake_sherbrooke seed=20 n*=150  (0.3s, ~2 min left)
[181/720] qaoa_6_fake_marrakesh seed=1 n*=800  (0.4s, ~2 min left)
[182/720] qaoa_6_fake_marrakesh seed=2 n*=650  (0.4s, ~2 min left)
[183/720] qaoa_6_fake_marrakesh seed=3 n*=550  (0.4s, ~2 min left)
[184/720] qaoa_6_fake_marrakesh seed=4 n*=450  (0.4s, ~2 min left)
[185/720] qaoa_6_fake_marrakesh seed=5 n*=350  (0.4s, ~2 min left)
[186/720] qaoa_6_fake_marrakesh seed=6 n*=500  (0.4s, ~2 min left)
[187/720] qaoa_6_fake_marrakesh seed=7 n*=450  (0.4s, ~2 min left)
[188/720] qaoa_6_fake_marrakesh seed=8 n*=550  (0.4s, ~2 min left)
[189/720] qaoa_6_fake_marrakesh seed=9 n*=350  (0.4s, ~2 min left)
[190/720] qaoa_6_fake_marrakesh seed=10 n*=550  (0.4s, ~2 min left)
[191/720] qaoa_6_fake_marrakesh seed=11 n*=550  (0.4s, ~2 min left)
[192/720] qaoa_6_fake_marrakesh seed=12 n*=350  (0.4s, ~2 min left)
[193/720] qaoa_6_fake_marrakesh seed=13 n*=550  (0.4s, ~2 min left)
[194/720] qaoa_6_fake_marrakesh seed=14 n*=500  (0.4s, ~2 min left)
[195/720] qaoa_6_fake_marrakesh seed=15 n*=350  (0.4s, ~2 min left)
[196/720] qaoa_6_fake_marrakesh seed=16 n*=750  (0.4s, ~2 min left)
[197/720] qaoa_6_fake_marrakesh seed=17 n*=500  (0.4s, ~2 min left)
[198/720] qaoa_6_fake_marrakesh seed=18 n*=600  (0.5s, ~2 min left)
[199/720] qaoa_6_fake_marrakesh seed=19 n*=500  (0.4s, ~2 min left)
[200/720] qaoa_6_fake_marrakesh seed=20 n*=500  (0.4s, ~2 min left)
[201/720] qaoa_8_fake_kyiv seed=1 n*=1800  (0.6s, ~2 min left)
[202/720] qaoa_8_fake_kyiv seed=2 n*=2150  (0.6s, ~2 min left)
[203/720] qaoa_8_fake_kyiv seed=3 n*=1400  (0.6s, ~2 min left)
[204/720] qaoa_8_fake_kyiv seed=4 n*=2900  (0.6s, ~2 min left)
[205/720] qaoa_8_fake_kyiv seed=5 n*=2250  (0.6s, ~2 min left)
[206/720] qaoa_8_fake_kyiv seed=6 n*=1950  (0.6s, ~2 min left)
[207/720] qaoa_8_fake_kyiv seed=7 n*=1900  (0.6s, ~2 min left)
[208/720] qaoa_8_fake_kyiv seed=8 n*=2450  (0.6s, ~2 min left)
[209/720] qaoa_8_fake_kyiv seed=9 n*=2000  (0.6s, ~2 min left)
[210/720] qaoa_8_fake_kyiv seed=10 n*=1750  (0.6s, ~2 min left)
[211/720] qaoa_8_fake_kyiv seed=11 n*=2400  (0.6s, ~2 min left)
[212/720] qaoa_8_fake_kyiv seed=12 n*=2050  (0.6s, ~2 min left)
[213/720] qaoa_8_fake_kyiv seed=13 n*=1850  (0.6s, ~2 min left)
[214/720] qaoa_8_fake_kyiv seed=14 n*=2000  (0.6s, ~2 min left)
[215/720] qaoa_8_fake_kyiv seed=15 n*=1950  (0.7s, ~2 min left)
[216/720] qaoa_8_fake_kyiv seed=16 n*=2000  (0.6s, ~2 min left)
[217/720] qaoa_8_fake_kyiv seed=17 n*=1800  (0.6s, ~2 min left)
[218/720] qaoa_8_fake_kyiv seed=18 n*=1900  (0.6s, ~2 min left)
[219/720] qaoa_8_fake_kyiv seed=19 n*=1550  (0.6s, ~3 min left)
[220/720] qaoa_8_fake_kyiv seed=20 n*=1900  (0.6s, ~3 min left)
[221/720] qaoa_8_fake_sherbrooke seed=1 n*=2150  (0.6s, ~3 min left)
[222/720] qaoa_8_fake_sherbrooke seed=2 n*=2550  (0.6s, ~3 min left)
[223/720] qaoa_8_fake_sherbrooke seed=3 n*=1500  (0.6s, ~3 min left)
[224/720] qaoa_8_fake_sherbrooke seed=4 n*=2050  (0.6s, ~3 min left)
[225/720] qaoa_8_fake_sherbrooke seed=5 n*=2500  (0.6s, ~3 min left)
[226/720] qaoa_8_fake_sherbrooke seed=6 n*=1950  (0.6s, ~3 min left)
[227/720] qaoa_8_fake_sherbrooke seed=7 n*=1800  (0.6s, ~3 min left)
[228/720] qaoa_8_fake_sherbrooke seed=8 n*=1800  (0.6s, ~3 min left)
[229/720] qaoa_8_fake_sherbrooke seed=9 n*=1750  (0.6s, ~3 min left)
[230/720] qaoa_8_fake_sherbrooke seed=10 n*=1750  (0.6s, ~3 min left)
[231/720] qaoa_8_fake_sherbrooke seed=11 n*=2000  (0.6s, ~3 min left)
[232/720] qaoa_8_fake_sherbrooke seed=12 n*=1900  (0.6s, ~3 min left)
[233/720] qaoa_8_fake_sherbrooke seed=13 n*=2100  (0.6s, ~3 min left)
[234/720] qaoa_8_fake_sherbrooke seed=14 n*=2050  (0.6s, ~3 min left)
[235/720] qaoa_8_fake_sherbrooke seed=15 n*=1750  (0.6s, ~3 min left)
[236/720] qaoa_8_fake_sherbrooke seed=16 n*=2200  (0.6s, ~3 min left)
[237/720] qaoa_8_fake_sherbrooke seed=17 n*=1700  (0.6s, ~3 min left)
[238/720] qaoa_8_fake_sherbrooke seed=18 n*=1850  (0.6s, ~3 min left)
[239/720] qaoa_8_fake_sherbrooke seed=19 n*=1300  (0.6s, ~3 min left)
[240/720] qaoa_8_fake_sherbrooke seed=20 n*=2050  (0.6s, ~3 min left)
[241/720] qaoa_10_fake_sherbrooke seed=1 n*=6450  (0.9s, ~3 min left)
[242/720] qaoa_10_fake_sherbrooke seed=2 n*=6300  (0.9s, ~3 min left)
[243/720] qaoa_10_fake_sherbrooke seed=3 n*=6700  (0.9s, ~3 min left)
[244/720] qaoa_10_fake_sherbrooke seed=4 n*=6300  (0.9s, ~3 min left)
[245/720] qaoa_10_fake_sherbrooke seed=5 n*=5600  (0.9s, ~3 min left)
[246/720] qaoa_10_fake_sherbrooke seed=6 n*=6750  (0.9s, ~3 min left)
[247/720] qaoa_10_fake_sherbrooke seed=7 n*=5700  (0.9s, ~3 min left)
[248/720] qaoa_10_fake_sherbrooke seed=8 n*=6900  (0.9s, ~3 min left)
[249/720] qaoa_10_fake_sherbrooke seed=9 n*=5650  (0.9s, ~3 min left)
[250/720] qaoa_10_fake_sherbrooke seed=10 n*=6000  (0.9s, ~3 min left)
[251/720] qaoa_10_fake_sherbrooke seed=11 n*=6150  (0.9s, ~3 min left)
[252/720] qaoa_10_fake_sherbrooke seed=12 n*=6600  (0.9s, ~3 min left)
[253/720] qaoa_10_fake_sherbrooke seed=13 n*=6300  (0.9s, ~3 min left)
[254/720] qaoa_10_fake_sherbrooke seed=14 n*=5600  (0.9s, ~3 min left)
[255/720] qaoa_10_fake_sherbrooke seed=15 n*=6350  (0.9s, ~3 min left)
[256/720] qaoa_10_fake_sherbrooke seed=16 n*=5700  (0.9s, ~3 min left)
[257/720] qaoa_10_fake_sherbrooke seed=17 n*=6050  (0.9s, ~3 min left)
[258/720] qaoa_10_fake_sherbrooke seed=18 n*=6450  (0.9s, ~3 min left)
[259/720] qaoa_10_fake_sherbrooke seed=19 n*=6700  (0.9s, ~3 min left)
[260/720] qaoa_10_fake_sherbrooke seed=20 n*=6000  (0.9s, ~3 min left)
[261/720] qaoa_12_fake_marrakesh seed=1 n*=6950  (0.8s, ~3 min left)
[262/720] qaoa_12_fake_marrakesh seed=2 n*=6600  (0.8s, ~3 min left)
[263/720] qaoa_12_fake_marrakesh seed=3 n*=7150  (0.9s, ~3 min left)
[264/720] qaoa_12_fake_marrakesh seed=4 n*=6950  (0.8s, ~3 min left)
[265/720] qaoa_12_fake_marrakesh seed=5 n*=7050  (0.9s, ~3 min left)
[266/720] qaoa_12_fake_marrakesh seed=6 n*=7100  (0.8s, ~3 min left)
[267/720] qaoa_12_fake_marrakesh seed=7 n*=6600  (0.9s, ~3 min left)
[268/720] qaoa_12_fake_marrakesh seed=8 n*=7150  (0.9s, ~3 min left)
[269/720] qaoa_12_fake_marrakesh seed=9 n*=6100  (0.9s, ~3 min left)
[270/720] qaoa_12_fake_marrakesh seed=10 n*=7000  (0.9s, ~3 min left)
[271/720] qaoa_12_fake_marrakesh seed=11 n*=6700  (0.9s, ~3 min left)
[272/720] qaoa_12_fake_marrakesh seed=12 n*=7100  (0.9s, ~3 min left)
[273/720] qaoa_12_fake_marrakesh seed=13 n*=7000  (0.8s, ~3 min left)
[274/720] qaoa_12_fake_marrakesh seed=14 n*=6500  (0.9s, ~3 min left)
[275/720] qaoa_12_fake_marrakesh seed=15 n*=6700  (0.9s, ~3 min left)
[276/720] qaoa_12_fake_marrakesh seed=16 n*=6350  (0.8s, ~3 min left)
[277/720] qaoa_12_fake_marrakesh seed=17 n*=6650  (0.9s, ~3 min left)
[278/720] qaoa_12_fake_marrakesh seed=18 n*=6900  (0.9s, ~3 min left)
[279/720] qaoa_12_fake_marrakesh seed=19 n*=7000  (0.9s, ~3 min left)
[280/720] qaoa_12_fake_marrakesh seed=20 n*=6550  (0.9s, ~3 min left)
[281/720] qaoa_14_fake_kyiv seed=1 n*=12450  (1.1s, ~3 min left)
[282/720] qaoa_14_fake_kyiv seed=2 n*=12700  (1.1s, ~3 min left)
[283/720] qaoa_14_fake_kyiv seed=3 n*=12250  (1.1s, ~3 min left)
[284/720] qaoa_14_fake_kyiv seed=4 n*=12400  (1.1s, ~3 min left)
[285/720] qaoa_14_fake_kyiv seed=5 n*=12700  (1.1s, ~3 min left)
[286/720] qaoa_14_fake_kyiv seed=6 n*=12700  (1.1s, ~3 min left)
[287/720] qaoa_14_fake_kyiv seed=7 n*=12000  (1.1s, ~3 min left)
[288/720] qaoa_14_fake_kyiv seed=8 n*=12300  (1.1s, ~3 min left)
[289/720] qaoa_14_fake_kyiv seed=9 n*=13100  (1.1s, ~3 min left)
[290/720] qaoa_14_fake_kyiv seed=10 n*=13100  (1.2s, ~3 min left)
[291/720] qaoa_14_fake_kyiv seed=11 n*=12200  (1.1s, ~3 min left)
[292/720] qaoa_14_fake_kyiv seed=12 n*=12800  (1.1s, ~3 min left)
[293/720] qaoa_14_fake_kyiv seed=13 n*=12650  (1.1s, ~3 min left)
[294/720] qaoa_14_fake_kyiv seed=14 n*=12250  (1.1s, ~3 min left)
[295/720] qaoa_14_fake_kyiv seed=15 n*=12600  (1.1s, ~3 min left)
[296/720] qaoa_14_fake_kyiv seed=16 n*=12650  (1.1s, ~3 min left)
[297/720] qaoa_14_fake_kyiv seed=17 n*=12150  (1.1s, ~3 min left)
[298/720] qaoa_14_fake_kyiv seed=18 n*=12500  (1.1s, ~3 min left)
[299/720] qaoa_14_fake_kyiv seed=19 n*=13050  (1.1s, ~3 min left)
[300/720] qaoa_14_fake_kyiv seed=20 n*=11900  (1.1s, ~3 min left)
[301/720] qaoa_14_fake_sherbrooke seed=1 n*=13600  (1.1s, ~3 min left)
[302/720] qaoa_14_fake_sherbrooke seed=2 n*=13600  (1.1s, ~3 min left)
[303/720] qaoa_14_fake_sherbrooke seed=3 n*=13400  (1.1s, ~3 min left)
[304/720] qaoa_14_fake_sherbrooke seed=4 n*=13400  (1.1s, ~3 min left)
[305/720] qaoa_14_fake_sherbrooke seed=5 n*=13450  (1.1s, ~3 min left)
[306/720] qaoa_14_fake_sherbrooke seed=6 n*=13700  (1.1s, ~3 min left)
[307/720] qaoa_14_fake_sherbrooke seed=7 n*=13100  (1.1s, ~3 min left)
[308/720] qaoa_14_fake_sherbrooke seed=8 n*=13400  (1.1s, ~3 min left)
[309/720] qaoa_14_fake_sherbrooke seed=9 n*=14050  (1.2s, ~3 min left)
[310/720] qaoa_14_fake_sherbrooke seed=10 n*=13900  (1.1s, ~3 min left)
[311/720] qaoa_14_fake_sherbrooke seed=11 n*=13450  (1.1s, ~3 min left)
[312/720] qaoa_14_fake_sherbrooke seed=12 n*=13300  (1.1s, ~3 min left)
[313/720] qaoa_14_fake_sherbrooke seed=13 n*=14200  (1.1s, ~3 min left)
[314/720] qaoa_14_fake_sherbrooke seed=14 n*=13200  (1.1s, ~3 min left)
[315/720] qaoa_14_fake_sherbrooke seed=15 n*=13650  (1.1s, ~3 min left)
[316/720] qaoa_14_fake_sherbrooke seed=16 n*=14150  (1.1s, ~3 min left)
[317/720] qaoa_14_fake_sherbrooke seed=17 n*=12950  (1.1s, ~3 min left)
[318/720] qaoa_14_fake_sherbrooke seed=18 n*=13250  (1.2s, ~3 min left)
[319/720] qaoa_14_fake_sherbrooke seed=19 n*=14250  (1.1s, ~3 min left)
[320/720] qaoa_14_fake_sherbrooke seed=20 n*=13100  (1.1s, ~3 min left)
[321/720] qft_6_fake_fez seed=1 n*=1050  (0.6s, ~3 min left)
[322/720] qft_6_fake_fez seed=2 n*=850  (0.6s, ~3 min left)
[323/720] qft_6_fake_fez seed=3 n*=1000  (0.6s, ~3 min left)
[324/720] qft_6_fake_fez seed=4 n*=700  (0.6s, ~3 min left)
[325/720] qft_6_fake_fez seed=5 n*=1100  (0.6s, ~3 min left)
[326/720] qft_6_fake_fez seed=6 n*=950  (0.6s, ~3 min left)
[327/720] qft_6_fake_fez seed=7 n*=900  (0.6s, ~3 min left)
[328/720] qft_6_fake_fez seed=8 n*=900  (0.6s, ~3 min left)
[329/720] qft_6_fake_fez seed=9 n*=1000  (0.6s, ~3 min left)
[330/720] qft_6_fake_fez seed=10 n*=900  (0.6s, ~3 min left)
[331/720] qft_6_fake_fez seed=11 n*=700  (0.7s, ~3 min left)
[332/720] qft_6_fake_fez seed=12 n*=850  (0.6s, ~3 min left)
[333/720] qft_6_fake_fez seed=13 n*=1150  (0.6s, ~3 min left)
[334/720] qft_6_fake_fez seed=14 n*=700  (0.6s, ~3 min left)
[335/720] qft_6_fake_fez seed=15 n*=1150  (0.6s, ~3 min left)
[336/720] qft_6_fake_fez seed=16 n*=1050  (0.6s, ~3 min left)
[337/720] qft_6_fake_fez seed=17 n*=1000  (0.6s, ~3 min left)
[338/720] qft_6_fake_fez seed=18 n*=1100  (0.6s, ~3 min left)
[339/720] qft_6_fake_fez seed=19 n*=750  (0.6s, ~3 min left)
[340/720] qft_6_fake_fez seed=20 n*=1000  (0.6s, ~3 min left)
[341/720] qft_6_fake_torino seed=1 n*=1100  (0.6s, ~3 min left)
[342/720] qft_6_fake_torino seed=2 n*=1100  (0.6s, ~3 min left)
[343/720] qft_6_fake_torino seed=3 n*=1000  (0.6s, ~3 min left)
[344/720] qft_6_fake_torino seed=4 n*=1450  (0.6s, ~3 min left)
[345/720] qft_6_fake_torino seed=5 n*=950  (0.6s, ~3 min left)
[346/720] qft_6_fake_torino seed=6 n*=1350  (0.6s, ~3 min left)
[347/720] qft_6_fake_torino seed=7 n*=800  (0.7s, ~3 min left)
[348/720] qft_6_fake_torino seed=8 n*=700  (0.6s, ~3 min left)
[349/720] qft_6_fake_torino seed=9 n*=1150  (0.6s, ~3 min left)
[350/720] qft_6_fake_torino seed=10 n*=1050  (0.6s, ~3 min left)
[351/720] qft_6_fake_torino seed=11 n*=550  (0.6s, ~3 min left)
[352/720] qft_6_fake_torino seed=12 n*=1050  (0.6s, ~3 min left)
[353/720] qft_6_fake_torino seed=13 n*=1050  (0.6s, ~3 min left)
[354/720] qft_6_fake_torino seed=14 n*=850  (0.6s, ~3 min left)
[355/720] qft_6_fake_torino seed=15 n*=1300  (0.6s, ~3 min left)
[356/720] qft_6_fake_torino seed=16 n*=1050  (0.6s, ~3 min left)
[357/720] qft_6_fake_torino seed=17 n*=1100  (0.6s, ~3 min left)
[358/720] qft_6_fake_torino seed=18 n*=950  (0.6s, ~3 min left)
[359/720] qft_6_fake_torino seed=19 n*=1050  (0.6s, ~3 min left)
[360/720] qft_6_fake_torino seed=20 n*=1050  (0.6s, ~3 min left)
[361/720] qft_8_fake_fez seed=1 n*=3450  (0.8s, ~3 min left)
[362/720] qft_8_fake_fez seed=2 n*=3650  (0.9s, ~3 min left)
[363/720] qft_8_fake_fez seed=3 n*=3150  (0.9s, ~3 min left)
[364/720] qft_8_fake_fez seed=4 n*=3550  (0.8s, ~3 min left)
[365/720] qft_8_fake_fez seed=5 n*=3100  (0.9s, ~3 min left)
[366/720] qft_8_fake_fez seed=6 n*=3000  (0.9s, ~3 min left)
[367/720] qft_8_fake_fez seed=7 n*=3200  (0.8s, ~3 min left)
[368/720] qft_8_fake_fez seed=8 n*=3550  (0.8s, ~3 min left)
[369/720] qft_8_fake_fez seed=9 n*=3450  (0.8s, ~3 min left)
[370/720] qft_8_fake_fez seed=10 n*=3600  (1.1s, ~3 min left)
[371/720] qft_8_fake_fez seed=11 n*=3100  (0.8s, ~3 min left)
[372/720] qft_8_fake_fez seed=12 n*=3400  (0.8s, ~3 min left)
[373/720] qft_8_fake_fez seed=13 n*=3550  (0.8s, ~3 min left)
[374/720] qft_8_fake_fez seed=14 n*=3300  (0.9s, ~3 min left)
[375/720] qft_8_fake_fez seed=15 n*=3800  (0.8s, ~3 min left)
[376/720] qft_8_fake_fez seed=16 n*=3400  (0.8s, ~3 min left)
[377/720] qft_8_fake_fez seed=17 n*=3200  (0.9s, ~3 min left)
[378/720] qft_8_fake_fez seed=18 n*=3500  (0.8s, ~3 min left)
[379/720] qft_8_fake_fez seed=19 n*=3000  (0.8s, ~3 min left)
[380/720] qft_8_fake_fez seed=20 n*=3500  (0.8s, ~3 min left)
[381/720] qft_8_fake_torino seed=1 n*=3350  (0.8s, ~3 min left)
[382/720] qft_8_fake_torino seed=2 n*=4150  (1.4s, ~3 min left)
[383/720] qft_8_fake_torino seed=3 n*=3050  (1.2s, ~3 min left)
[384/720] qft_8_fake_torino seed=4 n*=3850  (1.0s, ~3 min left)
[385/720] qft_8_fake_torino seed=5 n*=3400  (1.0s, ~3 min left)
[386/720] qft_8_fake_torino seed=6 n*=3000  (1.2s, ~3 min left)
[387/720] qft_8_fake_torino seed=7 n*=3450  (0.9s, ~3 min left)
[388/720] qft_8_fake_torino seed=8 n*=3350  (0.9s, ~3 min left)
[389/720] qft_8_fake_torino seed=9 n*=3000  (0.9s, ~3 min left)
[390/720] qft_8_fake_torino seed=10 n*=3150  (0.8s, ~3 min left)
[391/720] qft_8_fake_torino seed=11 n*=3850  (0.9s, ~3 min left)
[392/720] qft_8_fake_torino seed=12 n*=3850  (0.9s, ~3 min left)
[393/720] qft_8_fake_torino seed=13 n*=3800  (0.8s, ~3 min left)
[394/720] qft_8_fake_torino seed=14 n*=3400  (0.9s, ~3 min left)
[395/720] qft_8_fake_torino seed=15 n*=3500  (0.9s, ~3 min left)
[396/720] qft_8_fake_torino seed=16 n*=3450  (0.9s, ~3 min left)
[397/720] qft_8_fake_torino seed=17 n*=3400  (0.9s, ~3 min left)
[398/720] qft_8_fake_torino seed=18 n*=4000  (0.8s, ~3 min left)
[399/720] qft_8_fake_torino seed=19 n*=3350  (0.9s, ~3 min left)
[400/720] qft_8_fake_torino seed=20 n*=3800  (0.8s, ~3 min left)
[401/720] qft_12_fake_fez seed=1 n*=14900  (1.1s, ~3 min left)
[402/720] qft_12_fake_fez seed=2 n*=14950  (1.1s, ~3 min left)
[403/720] qft_12_fake_fez seed=3 n*=15100  (1.1s, ~3 min left)
[404/720] qft_12_fake_fez seed=4 n*=15200  (1.2s, ~3 min left)
[405/720] qft_12_fake_fez seed=5 n*=14900  (1.2s, ~3 min left)
[406/720] qft_12_fake_fez seed=6 n*=15200  (1.2s, ~3 min left)
[407/720] qft_12_fake_fez seed=7 n*=14900  (1.1s, ~3 min left)
[408/720] qft_12_fake_fez seed=8 n*=14850  (1.1s, ~3 min left)
[409/720] qft_12_fake_fez seed=9 n*=15100  (1.1s, ~3 min left)
[410/720] qft_12_fake_fez seed=10 n*=15150  (1.1s, ~3 min left)
[411/720] qft_12_fake_fez seed=11 n*=14900  (1.1s, ~3 min left)
[412/720] qft_12_fake_fez seed=12 n*=15150  (1.1s, ~3 min left)
[413/720] qft_12_fake_fez seed=13 n*=15350  (1.3s, ~3 min left)
[414/720] qft_12_fake_fez seed=14 n*=14800  (1.2s, ~3 min left)
[415/720] qft_12_fake_fez seed=15 n*=15150  (1.2s, ~3 min left)
[416/720] qft_12_fake_fez seed=16 n*=15350  (1.2s, ~3 min left)
[417/720] qft_12_fake_fez seed=17 n*=15100  (1.2s, ~3 min left)
[418/720] qft_12_fake_fez seed=18 n*=14800  (1.2s, ~3 min left)
[419/720] qft_12_fake_fez seed=19 n*=15350  (1.2s, ~3 min left)
[420/720] qft_12_fake_fez seed=20 n*=14550  (1.2s, ~3 min left)
[421/720] qft_12_fake_torino seed=1 n*=14850  (1.2s, ~3 min left)
[422/720] qft_12_fake_torino seed=2 n*=14900  (1.2s, ~3 min left)
[423/720] qft_12_fake_torino seed=3 n*=15100  (1.2s, ~3 min left)
[424/720] qft_12_fake_torino seed=4 n*=15200  (1.2s, ~3 min left)
[425/720] qft_12_fake_torino seed=5 n*=14800  (1.2s, ~3 min left)
[426/720] qft_12_fake_torino seed=6 n*=15150  (1.2s, ~3 min left)
[427/720] qft_12_fake_torino seed=7 n*=14800  (1.1s, ~3 min left)
[428/720] qft_12_fake_torino seed=8 n*=15000  (1.2s, ~3 min left)
[429/720] qft_12_fake_torino seed=9 n*=15100  (1.2s, ~3 min left)
[430/720] qft_12_fake_torino seed=10 n*=15400  (1.2s, ~3 min left)
[431/720] qft_12_fake_torino seed=11 n*=15150  (1.1s, ~3 min left)
[432/720] qft_12_fake_torino seed=12 n*=15050  (1.2s, ~3 min left)
[433/720] qft_12_fake_torino seed=13 n*=15500  (1.1s, ~3 min left)
[434/720] qft_12_fake_torino seed=14 n*=14850  (1.1s, ~3 min left)
[435/720] qft_12_fake_torino seed=15 n*=15200  (1.1s, ~3 min left)
[436/720] qft_12_fake_torino seed=16 n*=15500  (1.1s, ~3 min left)
[437/720] qft_12_fake_torino seed=17 n*=15000  (1.1s, ~3 min left)
[438/720] qft_12_fake_torino seed=18 n*=14650  (1.2s, ~3 min left)
[439/720] qft_12_fake_torino seed=19 n*=15450  (1.2s, ~3 min left)
[440/720] qft_12_fake_torino seed=20 n*=15000  (1.1s, ~3 min left)
[441/720] qft_14_fake_fez seed=1 n*=17400  (1.5s, ~3 min left)
[442/720] qft_14_fake_fez seed=2 n*=17300  (1.4s, ~3 min left)
[443/720] qft_14_fake_fez seed=3 n*=17200  (1.5s, ~3 min left)
[444/720] qft_14_fake_fez seed=4 n*=17300  (1.5s, ~3 min left)
[445/720] qft_14_fake_fez seed=5 n*=17500  (1.5s, ~3 min left)
[446/720] qft_14_fake_fez seed=6 n*=17250  (1.4s, ~3 min left)
[447/720] qft_14_fake_fez seed=7 n*=17350  (1.4s, ~3 min left)
[448/720] qft_14_fake_fez seed=8 n*=17350  (1.5s, ~3 min left)
[449/720] qft_14_fake_fez seed=9 n*=17450  (1.5s, ~3 min left)
[450/720] qft_14_fake_fez seed=10 n*=17500  (1.5s, ~3 min left)
[451/720] qft_14_fake_fez seed=11 n*=17350  (1.4s, ~3 min left)
[452/720] qft_14_fake_fez seed=12 n*=17250  (1.4s, ~3 min left)
[453/720] qft_14_fake_fez seed=13 n*=17350  (1.4s, ~3 min left)
[454/720] qft_14_fake_fez seed=14 n*=17550  (1.4s, ~3 min left)
[455/720] qft_14_fake_fez seed=15 n*=17350  (1.5s, ~3 min left)
[456/720] qft_14_fake_fez seed=16 n*=17200  (1.4s, ~3 min left)
[457/720] qft_14_fake_fez seed=17 n*=17500  (1.4s, ~3 min left)
[458/720] qft_14_fake_fez seed=18 n*=17450  (1.4s, ~3 min left)
[459/720] qft_14_fake_fez seed=19 n*=17450  (1.4s, ~3 min left)
[460/720] qft_14_fake_fez seed=20 n*=17250  (1.5s, ~3 min left)
[461/720] qft_14_fake_torino seed=1 n*=17400  (1.4s, ~3 min left)
[462/720] qft_14_fake_torino seed=2 n*=17250  (1.5s, ~3 min left)
[463/720] qft_14_fake_torino seed=3 n*=17200  (1.4s, ~3 min left)
[464/720] qft_14_fake_torino seed=4 n*=17250  (1.4s, ~3 min left)
[465/720] qft_14_fake_torino seed=5 n*=17500  (1.4s, ~3 min left)
[466/720] qft_14_fake_torino seed=6 n*=17250  (1.4s, ~3 min left)
[467/720] qft_14_fake_torino seed=7 n*=17350  (1.4s, ~3 min left)
[468/720] qft_14_fake_torino seed=8 n*=17400  (1.4s, ~3 min left)
[469/720] qft_14_fake_torino seed=9 n*=17450  (1.5s, ~3 min left)
[470/720] qft_14_fake_torino seed=10 n*=17500  (1.5s, ~3 min left)
[471/720] qft_14_fake_torino seed=11 n*=17300  (1.4s, ~3 min left)
[472/720] qft_14_fake_torino seed=12 n*=17250  (1.4s, ~3 min left)
[473/720] qft_14_fake_torino seed=13 n*=17350  (1.4s, ~3 min left)
[474/720] qft_14_fake_torino seed=14 n*=17500  (1.4s, ~3 min left)
[475/720] qft_14_fake_torino seed=15 n*=17400  (1.4s, ~3 min left)
[476/720] qft_14_fake_torino seed=16 n*=17250  (1.5s, ~3 min left)
[477/720] qft_14_fake_torino seed=17 n*=17450  (1.5s, ~3 min left)
[478/720] qft_14_fake_torino seed=18 n*=17450  (1.4s, ~3 min left)
[479/720] qft_14_fake_torino seed=19 n*=17450  (1.4s, ~3 min left)
[480/720] qft_14_fake_torino seed=20 n*=17250  (1.4s, ~3 min left)
[481/720] qnn_8_fake_fez seed=1 n*=2950  (0.8s, ~3 min left)
[482/720] qnn_8_fake_fez seed=2 n*=3000  (0.8s, ~3 min left)
[483/720] qnn_8_fake_fez seed=3 n*=2050  (0.8s, ~3 min left)
[484/720] qnn_8_fake_fez seed=4 n*=3450  (0.8s, ~3 min left)
[485/720] qnn_8_fake_fez seed=5 n*=3350  (0.9s, ~3 min left)
[486/720] qnn_8_fake_fez seed=6 n*=2450  (0.8s, ~3 min left)
[487/720] qnn_8_fake_fez seed=7 n*=2850  (0.8s, ~3 min left)
[488/720] qnn_8_fake_fez seed=8 n*=2550  (0.8s, ~3 min left)
[489/720] qnn_8_fake_fez seed=9 n*=3200  (0.8s, ~3 min left)
[490/720] qnn_8_fake_fez seed=10 n*=2700  (0.8s, ~3 min left)
[491/720] qnn_8_fake_fez seed=11 n*=2600  (0.8s, ~3 min left)
[492/720] qnn_8_fake_fez seed=12 n*=3000  (0.8s, ~3 min left)
[493/720] qnn_8_fake_fez seed=13 n*=2750  (0.8s, ~3 min left)
[494/720] qnn_8_fake_fez seed=14 n*=2750  (0.8s, ~3 min left)
[495/720] qnn_8_fake_fez seed=15 n*=2800  (0.8s, ~3 min left)
[496/720] qnn_8_fake_fez seed=16 n*=2000  (0.8s, ~3 min left)
[497/720] qnn_8_fake_fez seed=17 n*=2900  (0.8s, ~3 min left)
[498/720] qnn_8_fake_fez seed=18 n*=2950  (0.8s, ~3 min left)
[499/720] qnn_8_fake_fez seed=19 n*=3100  (0.8s, ~2 min left)
[500/720] qnn_8_fake_fez seed=20 n*=2350  (0.8s, ~2 min left)
[501/720] qnn_8_fake_kyiv seed=1 n*=2850  (0.8s, ~2 min left)
[502/720] qnn_8_fake_kyiv seed=2 n*=3700  (0.8s, ~2 min left)
[503/720] qnn_8_fake_kyiv seed=3 n*=3600  (0.8s, ~2 min left)
[504/720] qnn_8_fake_kyiv seed=4 n*=3450  (0.8s, ~2 min left)
[505/720] qnn_8_fake_kyiv seed=5 n*=3300  (0.8s, ~2 min left)
[506/720] qnn_8_fake_kyiv seed=6 n*=2650  (0.8s, ~2 min left)
[507/720] qnn_8_fake_kyiv seed=7 n*=2900  (0.8s, ~2 min left)
[508/720] qnn_8_fake_kyiv seed=8 n*=3350  (0.9s, ~2 min left)
[509/720] qnn_8_fake_kyiv seed=9 n*=3200  (0.8s, ~2 min left)
[510/720] qnn_8_fake_kyiv seed=10 n*=2950  (0.9s, ~2 min left)
[511/720] qnn_8_fake_kyiv seed=11 n*=2750  (0.8s, ~2 min left)
[512/720] qnn_8_fake_kyiv seed=12 n*=2950  (0.8s, ~2 min left)
[513/720] qnn_8_fake_kyiv seed=13 n*=2800  (0.8s, ~2 min left)
[514/720] qnn_8_fake_kyiv seed=14 n*=3000  (0.8s, ~2 min left)
[515/720] qnn_8_fake_kyiv seed=15 n*=3300  (0.8s, ~2 min left)
[516/720] qnn_8_fake_kyiv seed=16 n*=2600  (0.8s, ~2 min left)
[517/720] qnn_8_fake_kyiv seed=17 n*=2600  (0.8s, ~2 min left)
[518/720] qnn_8_fake_kyiv seed=18 n*=3000  (0.8s, ~2 min left)
[519/720] qnn_8_fake_kyiv seed=19 n*=2950  (0.8s, ~2 min left)
[520/720] qnn_8_fake_kyiv seed=20 n*=3400  (0.8s, ~2 min left)
[521/720] qnn_14_fake_fez seed=1 n*=17250  (1.4s, ~2 min left)
[522/720] qnn_14_fake_fez seed=2 n*=17150  (1.5s, ~2 min left)
[523/720] qnn_14_fake_fez seed=3 n*=17050  (1.4s, ~2 min left)
[524/720] qnn_14_fake_fez seed=4 n*=17150  (1.5s, ~2 min left)
[525/720] qnn_14_fake_fez seed=5 n*=17300  (1.5s, ~2 min left)
[526/720] qnn_14_fake_fez seed=6 n*=17100  (1.4s, ~2 min left)
[527/720] qnn_14_fake_fez seed=7 n*=17150  (1.4s, ~2 min left)
[528/720] qnn_14_fake_fez seed=8 n*=17200  (1.4s, ~2 min left)
[529/720] qnn_14_fake_fez seed=9 n*=17200  (1.5s, ~2 min left)
[530/720] qnn_14_fake_fez seed=10 n*=17350  (1.5s, ~2 min left)
[531/720] qnn_14_fake_fez seed=11 n*=17200  (1.4s, ~2 min left)
[532/720] qnn_14_fake_fez seed=12 n*=17050  (1.4s, ~2 min left)
[533/720] qnn_14_fake_fez seed=13 n*=17150  (1.4s, ~2 min left)
[534/720] qnn_14_fake_fez seed=14 n*=17300  (1.4s, ~2 min left)
[535/720] qnn_14_fake_fez seed=15 n*=17200  (1.4s, ~2 min left)
[536/720] qnn_14_fake_fez seed=16 n*=17100  (1.4s, ~2 min left)
[537/720] qnn_14_fake_fez seed=17 n*=17350  (1.4s, ~2 min left)
[538/720] qnn_14_fake_fez seed=18 n*=17200  (1.4s, ~2 min left)
[539/720] qnn_14_fake_fez seed=19 n*=17250  (1.4s, ~2 min left)
[540/720] qnn_14_fake_fez seed=20 n*=17050  (1.4s, ~2 min left)
[541/720] qnn_14_fake_kyiv seed=1 n*=17350  (1.5s, ~2 min left)
[542/720] qnn_14_fake_kyiv seed=2 n*=17300  (1.5s, ~2 min left)
[543/720] qnn_14_fake_kyiv seed=3 n*=17200  (1.6s, ~2 min left)
[544/720] qnn_14_fake_kyiv seed=4 n*=17200  (1.4s, ~2 min left)
[545/720] qnn_14_fake_kyiv seed=5 n*=17450  (1.5s, ~2 min left)
[546/720] qnn_14_fake_kyiv seed=6 n*=17250  (1.4s, ~2 min left)
[547/720] qnn_14_fake_kyiv seed=7 n*=17300  (1.5s, ~2 min left)
[548/720] qnn_14_fake_kyiv seed=8 n*=17350  (1.4s, ~2 min left)
[549/720] qnn_14_fake_kyiv seed=9 n*=17450  (1.4s, ~2 min left)
[550/720] qnn_14_fake_kyiv seed=10 n*=17500  (1.5s, ~2 min left)
[551/720] qnn_14_fake_kyiv seed=11 n*=17300  (1.4s, ~2 min left)
[552/720] qnn_14_fake_kyiv seed=12 n*=17250  (1.4s, ~2 min left)
[553/720] qnn_14_fake_kyiv seed=13 n*=17300  (1.5s, ~2 min left)
[554/720] qnn_14_fake_kyiv seed=14 n*=17550  (1.5s, ~2 min left)
[555/720] qnn_14_fake_kyiv seed=15 n*=17350  (1.5s, ~2 min left)
[556/720] qnn_14_fake_kyiv seed=16 n*=17250  (1.5s, ~2 min left)
[557/720] qnn_14_fake_kyiv seed=17 n*=17450  (1.5s, ~2 min left)
[558/720] qnn_14_fake_kyiv seed=18 n*=17450  (1.5s, ~2 min left)
[559/720] qnn_14_fake_kyiv seed=19 n*=17450  (1.5s, ~2 min left)
[560/720] qnn_14_fake_kyiv seed=20 n*=17250  (1.5s, ~2 min left)
[561/720] random_6_fake_fez seed=1 n*=1150  (0.6s, ~2 min left)
[562/720] random_6_fake_fez seed=2 n*=850  (0.5s, ~2 min left)
[563/720] random_6_fake_fez seed=3 n*=700  (0.5s, ~2 min left)
[564/720] random_6_fake_fez seed=4 n*=600  (0.5s, ~2 min left)
[565/720] random_6_fake_fez seed=5 n*=1000  (0.6s, ~2 min left)
[566/720] random_6_fake_fez seed=6 n*=700  (0.5s, ~2 min left)
[567/720] random_6_fake_fez seed=7 n*=950  (0.5s, ~2 min left)
[568/720] random_6_fake_fez seed=8 n*=1150  (0.5s, ~2 min left)
[569/720] random_6_fake_fez seed=9 n*=650  (0.6s, ~2 min left)
[570/720] random_6_fake_fez seed=10 n*=650  (0.5s, ~2 min left)
[571/720] random_6_fake_fez seed=11 n*=600  (0.5s, ~2 min left)
[572/720] random_6_fake_fez seed=12 n*=600  (0.5s, ~2 min left)
[573/720] random_6_fake_fez seed=13 n*=750  (0.5s, ~2 min left)
[574/720] random_6_fake_fez seed=14 n*=750  (0.5s, ~2 min left)
[575/720] random_6_fake_fez seed=15 n*=750  (0.5s, ~2 min left)
[576/720] random_6_fake_fez seed=16 n*=750  (0.5s, ~2 min left)
[577/720] random_6_fake_fez seed=17 n*=800  (0.5s, ~2 min left)
[578/720] random_6_fake_fez seed=18 n*=800  (0.5s, ~2 min left)
[579/720] random_6_fake_fez seed=19 n*=800  (0.5s, ~2 min left)
[580/720] random_6_fake_fez seed=20 n*=550  (0.5s, ~2 min left)
[581/720] random_8_fake_fez seed=1 n*=2400  (0.7s, ~2 min left)
[582/720] random_8_fake_fez seed=2 n*=3150  (0.7s, ~2 min left)
[583/720] random_8_fake_fez seed=3 n*=1850  (0.7s, ~2 min left)
[584/720] random_8_fake_fez seed=4 n*=3350  (0.8s, ~2 min left)
[585/720] random_8_fake_fez seed=5 n*=2800  (0.8s, ~2 min left)
[586/720] random_8_fake_fez seed=6 n*=2600  (0.8s, ~2 min left)
[587/720] random_8_fake_fez seed=7 n*=2400  (0.7s, ~2 min left)
[588/720] random_8_fake_fez seed=8 n*=2550  (0.7s, ~2 min left)
[589/720] random_8_fake_fez seed=9 n*=2950  (0.7s, ~2 min left)
[590/720] random_8_fake_fez seed=10 n*=2450  (0.7s, ~2 min left)
[591/720] random_8_fake_fez seed=11 n*=2650  (0.7s, ~2 min left)
[592/720] random_8_fake_fez seed=12 n*=2850  (0.7s, ~2 min left)
[593/720] random_8_fake_fez seed=13 n*=2950  (0.7s, ~2 min left)
[594/720] random_8_fake_fez seed=14 n*=2450  (0.7s, ~2 min left)
[595/720] random_8_fake_fez seed=15 n*=3000  (0.7s, ~2 min left)
[596/720] random_8_fake_fez seed=16 n*=2650  (0.7s, ~2 min left)
[597/720] random_8_fake_fez seed=17 n*=2300  (0.7s, ~2 min left)
[598/720] random_8_fake_fez seed=18 n*=2950  (0.7s, ~1 min left)
[599/720] random_8_fake_fez seed=19 n*=2850  (0.7s, ~1 min left)
[600/720] random_8_fake_fez seed=20 n*=2350  (0.8s, ~1 min left)
[601/720] random_12_fake_fez seed=1 n*=14850  (1.1s, ~1 min left)
[602/720] random_12_fake_fez seed=2 n*=14750  (1.1s, ~1 min left)
[603/720] random_12_fake_fez seed=3 n*=15050  (1.1s, ~1 min left)
[604/720] random_12_fake_fez seed=4 n*=15000  (1.1s, ~1 min left)
[605/720] random_12_fake_fez seed=5 n*=14750  (1.2s, ~1 min left)
[606/720] random_12_fake_fez seed=6 n*=15150  (1.1s, ~1 min left)
[607/720] random_12_fake_fez seed=7 n*=14700  (1.1s, ~1 min left)
[608/720] random_12_fake_fez seed=8 n*=14800  (1.1s, ~1 min left)
[609/720] random_12_fake_fez seed=9 n*=14900  (1.2s, ~1 min left)
[610/720] random_12_fake_fez seed=10 n*=15100  (1.1s, ~1 min left)
[611/720] random_12_fake_fez seed=11 n*=14800  (1.1s, ~1 min left)
[612/720] random_12_fake_fez seed=12 n*=14800  (1.1s, ~1 min left)
[613/720] random_12_fake_fez seed=13 n*=15300  (1.1s, ~1 min left)
[614/720] random_12_fake_fez seed=14 n*=14700  (1.1s, ~1 min left)
[615/720] random_12_fake_fez seed=15 n*=15050  (1.1s, ~1 min left)
[616/720] random_12_fake_fez seed=16 n*=15000  (1.1s, ~1 min left)
[617/720] random_12_fake_fez seed=17 n*=14900  (1.1s, ~1 min left)
[618/720] random_12_fake_fez seed=18 n*=14400  (1.2s, ~1 min left)
[619/720] random_12_fake_fez seed=19 n*=15250  (1.1s, ~1 min left)
[620/720] random_12_fake_fez seed=20 n*=14600  (1.1s, ~1 min left)
[621/720] random_14_fake_fez seed=1 n*=17400  (1.5s, ~1 min left)
[622/720] random_14_fake_fez seed=2 n*=17250  (1.5s, ~1 min left)
[623/720] random_14_fake_fez seed=3 n*=17200  (1.8s, ~1 min left)
[624/720] random_14_fake_fez seed=4 n*=17250  (1.4s, ~1 min left)
[625/720] random_14_fake_fez seed=5 n*=17450  (1.5s, ~1 min left)
[626/720] random_14_fake_fez seed=6 n*=17250  (1.4s, ~1 min left)
[627/720] random_14_fake_fez seed=7 n*=17350  (1.4s, ~1 min left)
[628/720] random_14_fake_fez seed=8 n*=17350  (1.4s, ~1 min left)
[629/720] random_14_fake_fez seed=9 n*=17450  (1.4s, ~1 min left)
[630/720] random_14_fake_fez seed=10 n*=17500  (1.5s, ~1 min left)
[631/720] random_14_fake_fez seed=11 n*=17350  (1.4s, ~1 min left)
[632/720] random_14_fake_fez seed=12 n*=17250  (1.5s, ~1 min left)
[633/720] random_14_fake_fez seed=13 n*=17300  (1.4s, ~1 min left)
[634/720] random_14_fake_fez seed=14 n*=17500  (1.4s, ~1 min left)
[635/720] random_14_fake_fez seed=15 n*=17350  (1.5s, ~1 min left)
[636/720] random_14_fake_fez seed=16 n*=17200  (1.4s, ~1 min left)
[637/720] random_14_fake_fez seed=17 n*=17400  (1.4s, ~1 min left)
[638/720] random_14_fake_fez seed=18 n*=17450  (1.4s, ~1 min left)
[639/720] random_14_fake_fez seed=19 n*=17450  (1.5s, ~1 min left)
[640/720] random_14_fake_fez seed=20 n*=17250  (1.6s, ~1 min left)
[641/720] vqe_6_fake_kyiv seed=1 n*=50  (0.2s, ~1 min left)
[642/720] vqe_6_fake_kyiv seed=2 n*=50  (0.2s, ~1 min left)
[643/720] vqe_6_fake_kyiv seed=3 n*=50  (0.2s, ~1 min left)
[644/720] vqe_6_fake_kyiv seed=4 n*=50  (0.3s, ~1 min left)
[645/720] vqe_6_fake_kyiv seed=5 n*=50  (0.2s, ~1 min left)
[646/720] vqe_6_fake_kyiv seed=6 n*=100  (0.2s, ~1 min left)
[647/720] vqe_6_fake_kyiv seed=7 n*=100  (0.2s, ~1 min left)
[648/720] vqe_6_fake_kyiv seed=8 n*=50  (0.2s, ~1 min left)
[649/720] vqe_6_fake_kyiv seed=9 n*=50  (0.2s, ~1 min left)
[650/720] vqe_6_fake_kyiv seed=10 n*=50  (0.2s, ~1 min left)
[651/720] vqe_6_fake_kyiv seed=11 n*=100  (0.2s, ~1 min left)
[652/720] vqe_6_fake_kyiv seed=12 n*=50  (0.2s, ~1 min left)
[653/720] vqe_6_fake_kyiv seed=13 n*=50  (0.2s, ~1 min left)
[654/720] vqe_6_fake_kyiv seed=14 n*=50  (0.2s, ~1 min left)
[655/720] vqe_6_fake_kyiv seed=15 n*=100  (0.2s, ~1 min left)
[656/720] vqe_6_fake_kyiv seed=16 n*=100  (0.2s, ~1 min left)
[657/720] vqe_6_fake_kyiv seed=17 n*=50  (0.2s, ~1 min left)
[658/720] vqe_6_fake_kyiv seed=18 n*=50  (0.2s, ~1 min left)
[659/720] vqe_6_fake_kyiv seed=19 n*=50  (0.2s, ~1 min left)
[660/720] vqe_6_fake_kyiv seed=20 n*=50  (0.2s, ~1 min left)
[661/720] vqe_8_fake_kyiv seed=1 n*=200  (0.3s, ~1 min left)
[662/720] vqe_8_fake_kyiv seed=2 n*=300  (0.3s, ~1 min left)
[663/720] vqe_8_fake_kyiv seed=3 n*=150  (0.3s, ~1 min left)
[664/720] vqe_8_fake_kyiv seed=4 n*=300  (0.3s, ~1 min left)
[665/720] vqe_8_fake_kyiv seed=5 n*=150  (0.3s, ~1 min left)
[666/720] vqe_8_fake_kyiv seed=6 n*=250  (0.3s, ~1 min left)
[667/720] vqe_8_fake_kyiv seed=7 n*=250  (0.3s, ~1 min left)
[668/720] vqe_8_fake_kyiv seed=8 n*=400  (0.3s, ~1 min left)
[669/720] vqe_8_fake_kyiv seed=9 n*=200  (0.3s, ~1 min left)
[670/720] vqe_8_fake_kyiv seed=10 n*=350  (0.3s, ~1 min left)
[671/720] vqe_8_fake_kyiv seed=11 n*=250  (0.3s, ~1 min left)
[672/720] vqe_8_fake_kyiv seed=12 n*=200  (0.3s, ~1 min left)
[673/720] vqe_8_fake_kyiv seed=13 n*=150  (0.3s, ~1 min left)
[674/720] vqe_8_fake_kyiv seed=14 n*=400  (0.3s, ~1 min left)
[675/720] vqe_8_fake_kyiv seed=15 n*=300  (0.3s, ~1 min left)
[676/720] vqe_8_fake_kyiv seed=16 n*=300  (0.3s, ~1 min left)
[677/720] vqe_8_fake_kyiv seed=17 n*=200  (0.3s, ~1 min left)
[678/720] vqe_8_fake_kyiv seed=18 n*=200  (0.3s, ~1 min left)
[679/720] vqe_8_fake_kyiv seed=19 n*=250  (0.3s, ~1 min left)
[680/720] vqe_8_fake_kyiv seed=20 n*=200  (0.3s, ~0 min left)
[681/720] vqe_12_fake_kyiv seed=1 n*=1150  (0.4s, ~0 min left)
[682/720] vqe_12_fake_kyiv seed=2 n*=450  (0.4s, ~0 min left)
[683/720] vqe_12_fake_kyiv seed=3 n*=900  (0.4s, ~0 min left)
[684/720] vqe_12_fake_kyiv seed=4 n*=850  (0.4s, ~0 min left)
[685/720] vqe_12_fake_kyiv seed=5 n*=800  (0.4s, ~0 min left)
[686/720] vqe_12_fake_kyiv seed=6 n*=1050  (0.4s, ~0 min left)
[687/720] vqe_12_fake_kyiv seed=7 n*=550  (0.4s, ~0 min left)
[688/720] vqe_12_fake_kyiv seed=8 n*=550  (0.4s, ~0 min left)
[689/720] vqe_12_fake_kyiv seed=9 n*=600  (0.4s, ~0 min left)
[690/720] vqe_12_fake_kyiv seed=10 n*=750  (0.4s, ~0 min left)
[691/720] vqe_12_fake_kyiv seed=11 n*=800  (0.4s, ~0 min left)
[692/720] vqe_12_fake_kyiv seed=12 n*=700  (0.4s, ~0 min left)
[693/720] vqe_12_fake_kyiv seed=13 n*=700  (0.4s, ~0 min left)
[694/720] vqe_12_fake_kyiv seed=14 n*=550  (0.4s, ~0 min left)
[695/720] vqe_12_fake_kyiv seed=15 n*=650  (0.4s, ~0 min left)
[696/720] vqe_12_fake_kyiv seed=16 n*=650  (0.4s, ~0 min left)
[697/720] vqe_12_fake_kyiv seed=17 n*=650  (0.4s, ~0 min left)
[698/720] vqe_12_fake_kyiv seed=18 n*=500  (0.4s, ~0 min left)
[699/720] vqe_12_fake_kyiv seed=19 n*=600  (0.4s, ~0 min left)
[700/720] vqe_12_fake_kyiv seed=20 n*=1050  (0.4s, ~0 min left)
[701/720] vqe_14_fake_kyiv seed=1 n*=2250  (0.5s, ~0 min left)
[702/720] vqe_14_fake_kyiv seed=2 n*=2600  (0.5s, ~0 min left)
[703/720] vqe_14_fake_kyiv seed=3 n*=2550  (0.5s, ~0 min left)
[704/720] vqe_14_fake_kyiv seed=4 n*=3300  (0.5s, ~0 min left)
[705/720] vqe_14_fake_kyiv seed=5 n*=2650  (0.5s, ~0 min left)
[706/720] vqe_14_fake_kyiv seed=6 n*=2400  (0.5s, ~0 min left)
[707/720] vqe_14_fake_kyiv seed=7 n*=2550  (0.5s, ~0 min left)
[708/720] vqe_14_fake_kyiv seed=8 n*=3000  (0.5s, ~0 min left)
[709/720] vqe_14_fake_kyiv seed=9 n*=2400  (0.5s, ~0 min left)
[710/720] vqe_14_fake_kyiv seed=10 n*=2750  (0.5s, ~0 min left)
[711/720] vqe_14_fake_kyiv seed=11 n*=3050  (0.6s, ~0 min left)
[712/720] vqe_14_fake_kyiv seed=12 n*=2350  (0.5s, ~0 min left)
[713/720] vqe_14_fake_kyiv seed=13 n*=2800  (0.5s, ~0 min left)
[714/720] vqe_14_fake_kyiv seed=14 n*=2450  (0.5s, ~0 min left)
[715/720] vqe_14_fake_kyiv seed=15 n*=2900  (0.5s, ~0 min left)
[716/720] vqe_14_fake_kyiv seed=16 n*=2050  (0.5s, ~0 min left)
[717/720] vqe_14_fake_kyiv seed=17 n*=2250  (0.5s, ~0 min left)
[718/720] vqe_14_fake_kyiv seed=18 n*=2800  (0.5s, ~0 min left)
[719/720] vqe_14_fake_kyiv seed=19 n*=2250  (0.5s, ~0 min left)
[720/720] vqe_14_fake_kyiv seed=20 n*=2450  (0.5s, ~0 min left)

====================================================================================================
ORACLE VARIANCE ANALYSIS  (eps=0.1, batch=50, B=20000)
====================================================================================================
trace                     cache  median    mean    std    min    max    MAD |cache-med|   K
-------------------------------------------------------------------------------------------
dj_4_fake_fez           50      50      50      0     50     50      0           0  20
dj_4_fake_torino        50      50      50      0     50     50      0           0  20
dj_8_fake_fez          100      50      70     47     50    250     20          50  20
dj_8_fake_marrakesh     50      50      60     21     50    100     10           0  20
dj_10_fake_fez          100     100     110     38     50    200     20           0  20
dj_10_fake_torino       500     300     312     94    200    500     72         200  20
dj_14_fake_fez          500     350     378     94    250    600     68         150  20
dj_14_fake_marrakesh    600     275     272    101    150    550     78         325  20
qaoa_4_fake_sherbrooke    150     125     138     56     50    300     42          25  20
qaoa_6_fake_marrakesh    650     500     518    123    350    800     88         150  20
qaoa_8_fake_kyiv        2000    1950    1998    326   1400   2900    218          50  20
qaoa_8_fake_sherbrooke   1700    1925    1935    297   1300   2550    225         225  20
qaoa_10_fake_sherbrooke   6550    6300    6212    414   5600   6900    338         250  20
qaoa_12_fake_marrakesh   7200    6925    6805    293   6100   7150    240         275  20
qaoa_14_fake_kyiv       13350   12550   12522    346  11900  13100    282         800  20
qaoa_14_fake_sherbrooke  14350   13450   13555    385  12950  14250    300         900  20
qft_6_fake_fez         1000     975     940    147    700   1150    120          25  20
qft_6_fake_torino       850    1050    1032    208    550   1450    138         200  20
qft_8_fake_fez         3300    3425    3372    229   3000   3800    188         125  20
qft_8_fake_torino      3600    3425    3508    336   3000   4150    262         175  20
qft_12_fake_fez        15400   15100   15038    213  14550  15350    172         300  20
qft_12_fake_torino     15200   15075   15082    244  14650  15500    192         125  20
qft_14_fake_fez        17750   17350   17365    106  17200  17550     85         400  20
qft_14_fake_torino     17750   17375   17360    102  17200  17500     90         375  20
qnn_8_fake_fez         2550    2825    2788    381   2000   3450    288         275  20
qnn_8_fake_kyiv        3150    2975    3065    329   2600   3700    265         175  20
qnn_14_fake_fez        17600   17200   17188     93  17050  17350     72         400  20
qnn_14_fake_kyiv       17700   17325   17348    104  17200  17550     88         375  20
random_6_fake_fez          600     750     778    171    550   1150    122         150  20
random_8_fake_fez         2750    2650    2675    347   1850   3350    275         100  20
random_12_fake_fez        15200   14875   14892    223  14400  15300    178         325  20
random_14_fake_fez        17700   17350   17348     99  17200  17500     82         350  20
vqe_6_fake_kyiv          50      50      62     22     50    100     12           0  20
vqe_8_fake_kyiv         200     250     250     76    150    400     60          50  20
vqe_12_fake_kyiv         550     675     725    194    450   1150    150         125  20
vqe_14_fake_kyiv        2600    2550    2590    317   2050   3300    250          50  20
-------------------------------------------------------------------------------------------

AGGREGATE over 36 traces:
  MAE floor (mean per-trace MAD around median):      141 shots  (0.7% of budget)
    - small circuits (n<10):      130
    - big circuits  (n>=10):      153
  Mean per-trace std of n*:                          183 shots
  Mean |cached(sequential) - median(random)|:        208 shots   <- systematic label bias

  For reference (paper, delta=0.10, same 36 traces):
    DRL agent MAE :  2,049
    Inc-TVD  MAE  :    871

  Interpretation: no method scored against the FIXED cached label
  can be expected to beat ~the floor above; the gap between a
  method's MAE and the floor is the part the model can still fix.
